2026-04-21 21:08:46.878 +03:00 [INF] Now listening on: http://localhost:5000
2026-04-21 21:08:47.180 +03:00 [INF] Application started. Press Ctrl+C to shut down.
2026-04-21 21:08:47.203 +03:00 [INF] Hosting environment: Development
2026-04-21 21:08:47.205 +03:00 [INF] Content root path: C:\Users\Anna\pazzle-portfolio\course-1\practices\WebApi\WebApi
2026-04-21 21:08:48.550 +03:00 [INF] Request starting HTTP/1.1 GET http://localhost:5000/swagger - null null
2026-04-21 21:08:49.051 +03:00 [INF] Request finished HTTP/1.1 GET http://localhost:5000/swagger - 301 0 null 498.3063ms
2026-04-21 21:08:49.082 +03:00 [INF] Request starting HTTP/1.1 GET http://localhost:5000/swagger/index.html - null null
2026-04-21 21:08:49.306 +03:00 [INF] Request finished HTTP/1.1 GET http://localhost:5000/swagger/index.html - 200 null text/html;charset=utf-8 224.9457ms
2026-04-21 21:08:49.389 +03:00 [INF] Request starting HTTP/1.1 GET http://localhost:5000/swagger/swagger-ui-bundle.js - null null
2026-04-21 21:08:49.397 +03:00 [INF] Request starting HTTP/1.1 GET http://localhost:5000/swagger/swagger-ui.css - null null
2026-04-21 21:08:49.414 +03:00 [INF] Request starting HTTP/1.1 GET http://localhost:5000/swagger/swagger-ui-standalone-preset.js - null null
2026-04-21 21:08:49.436 +03:00 [INF] Request starting HTTP/1.1 GET http://localhost:5000/_framework/aspnetcore-browser-refresh.js - null null
2026-04-21 21:08:49.545 +03:00 [INF] Request starting HTTP/1.1 GET http://localhost:5000/_vs/browserLink - null null
2026-04-21 21:08:49.558 +03:00 [INF] Sending file. Request path: '/swagger-ui-standalone-preset.js'. Physical path: 'N/A'
2026-04-21 21:08:49.558 +03:00 [INF] Sending file. Request path: '/swagger-ui.css'. Physical path: 'N/A'
2026-04-21 21:08:49.563 +03:00 [INF] Request finished HTTP/1.1 GET http://localhost:5000/swagger/swagger-ui-standalone-preset.js - 200 230280 text/javascript 148.6592ms
2026-04-21 21:08:49.593 +03:00 [INF] Request finished HTTP/1.1 GET http://localhost:5000/swagger/swagger-ui.css - 200 152034 text/css 196.2776ms
2026-04-21 21:08:49.831 +03:00 [INF] Sending file. Request path: '/swagger-ui-bundle.js'. Physical path: 'N/A'
2026-04-21 21:08:49.831 +03:00 [INF] Request finished HTTP/1.1 GET http://localhost:5000/_vs/browserLink - 200 null text/javascript; charset=UTF-8 285.588ms
2026-04-21 21:08:50.913 +03:00 [INF] Request finished HTTP/1.1 GET http://localhost:5000/swagger/swagger-ui-bundle.js - 200 1456926 text/javascript 1523.7602ms
2026-04-21 21:08:50.913 +03:00 [INF] Request finished HTTP/1.1 GET http://localhost:5000/_framework/aspnetcore-browser-refresh.js - 200 16497 application/javascript; charset=utf-8 397.6407ms
2026-04-21 21:08:50.930 +03:00 [INF] Request starting HTTP/1.1 GET http://localhost:5000/swagger/v1/swagger.json - null null
2026-04-21 21:08:51.220 +03:00 [INF] Request finished HTTP/1.1 GET http://localhost:5000/swagger/v1/swagger.json - 200 null application/json;charset=utf-8 290.3169ms
2026-04-21 21:09:09.248 +03:00 [INF] Request starting HTTP/1.1 POST http://mytelegrambot.loca.lt/api/Update - application/json 338
2026-04-21 21:09:09.277 +03:00 [WRN] Failed to determine the https port for redirect.
2026-04-21 21:09:09.289 +03:00 [INF] Executing endpoint 'WebApi.Controllers.UpdateController.Post (WebApi)'
2026-04-21 21:09:09.338 +03:00 [INF] Route matched with {action = "Post", controller = "Update"}. Executing controller action with signature System.Threading.Tasks.Task`1[Microsoft.AspNetCore.Mvc.IActionResult] Post(WebApi.Dtos.TelegramUpdate) on controller WebApi.Controllers.UpdateController (WebApi).
2026-04-21 21:09:09.828 +03:00 [INF] Получено сообщение от чата 5498859739: /start
2026-04-21 21:09:09.828 +03:00 [INF] Executing StatusCodeResult, setting HTTP status code 200
2026-04-21 21:09:09.833 +03:00 [INF] Выполняется команда /start
2026-04-21 21:09:09.836 +03:00 [INF] Команда /start выполнена для чата 5498859739
2026-04-21 21:09:09.842 +03:00 [INF] Executed action WebApi.Controllers.UpdateController.Post (WebApi) in 492.6379ms
2026-04-21 21:09:09.845 +03:00 [INF] Executed endpoint 'WebApi.Controllers.UpdateController.Post (WebApi)'
2026-04-21 21:09:09.849 +03:00 [INF] Request finished HTTP/1.1 POST http://mytelegrambot.loca.lt/api/Update - 200 0 null 600.699ms
2026-04-21 21:19:16.898 +03:00 [INF] Now listening on: http://localhost:5000
2026-04-21 21:19:17.153 +03:00 [INF] Application started. Press Ctrl+C to shut down.
2026-04-21 21:19:17.175 +03:00 [INF] Hosting environment: Development
2026-04-21 21:19:17.177 +03:00 [INF] Content root path: C:\Users\Anna\pazzle-portfolio\course-1\practices\WebApi\WebApi
2026-04-21 21:19:17.220 +03:00 [INF] Request starting HTTP/1.1 GET http://localhost:5000/swagger/index.html - null null
2026-04-21 21:19:17.643 +03:00 [INF] Request finished HTTP/1.1 GET http://localhost:5000/swagger/index.html - 200 null text/html;charset=utf-8 423.9872ms
2026-04-21 21:19:17.703 +03:00 [INF] Request starting HTTP/1.1 GET http://localhost:5000/_framework/aspnetcore-browser-refresh.js - null null
2026-04-21 21:19:17.703 +03:00 [INF] Request starting HTTP/1.1 GET http://localhost:5000/_vs/browserLink - null null
2026-04-21 21:19:17.703 +03:00 [INF] Request starting HTTP/1.1 GET http://mytelegrambot.loca.lt/api/update/test - null null
2026-04-21 21:19:17.731 +03:00 [INF] Request starting HTTP/1.1 GET http://mytelegrambot.loca.lt/api/update/test - null null
2026-04-21 21:19:17.776 +03:00 [INF] Request finished HTTP/1.1 GET http://localhost:5000/_framework/aspnetcore-browser-refresh.js - 200 16497 application/javascript; charset=utf-8 28.9506ms
2026-04-21 21:19:17.803 +03:00 [WRN] Failed to determine the https port for redirect.
2026-04-21 21:19:17.827 +03:00 [INF] Request finished HTTP/1.1 GET http://localhost:5000/_vs/browserLink - 200 null text/javascript; charset=UTF-8 125.5064ms
2026-04-21 21:19:17.851 +03:00 [INF] Request finished HTTP/1.1 GET http://mytelegrambot.loca.lt/api/update/test - 404 0 null 149.6095ms
2026-04-21 21:19:17.867 +03:00 [INF] Request finished HTTP/1.1 GET http://mytelegrambot.loca.lt/api/update/test - 404 0 null 135.1062ms
2026-04-21 21:19:17.878 +03:00 [INF] Request reached the end of the middleware pipeline without being handled by application code. Request path: GET http://mytelegrambot.loca.lt/api/update/test, Response status code: 404
2026-04-21 21:19:17.878 +03:00 [INF] Request reached the end of the middleware pipeline without being handled by application code. Request path: GET http://mytelegrambot.loca.lt/api/update/test, Response status code: 404
2026-04-21 21:19:18.215 +03:00 [INF] Request starting HTTP/1.1 GET http://localhost:5000/swagger/v1/swagger.json - null null
2026-04-21 21:19:18.225 +03:00 [INF] Request starting HTTP/1.1 GET http://localhost:5000/swagger/favicon-32x32.png - null null
2026-04-21 21:19:18.251 +03:00 [INF] Sending file. Request path: '/favicon-32x32.png'. Physical path: 'N/A'
2026-04-21 21:19:18.254 +03:00 [INF] Request finished HTTP/1.1 GET http://localhost:5000/swagger/favicon-32x32.png - 200 628 image/png 29.03ms
2026-04-21 21:19:18.363 +03:00 [INF] Request finished HTTP/1.1 GET http://localhost:5000/swagger/v1/swagger.json - 200 null application/json;charset=utf-8 147.7772ms
2026-04-21 21:19:31.295 +03:00 [INF] Request starting HTTP/1.1 POST http://mytelegrambot.loca.lt/api/Update - application/json 338
2026-04-21 21:19:31.305 +03:00 [INF] Executing endpoint 'WebApi.Controllers.UpdateController.Post (WebApi)'
2026-04-21 21:19:31.358 +03:00 [INF] Route matched with {action = "Post", controller = "Update"}. Executing controller action with signature System.Threading.Tasks.Task`1[Microsoft.AspNetCore.Mvc.IActionResult] Post(WebApi.Dtos.TelegramUpdate) on controller WebApi.Controllers.UpdateController (WebApi).
2026-04-21 21:19:31.628 +03:00 [INF] Получено сообщение от чата 5498859739: /start
2026-04-21 21:19:31.629 +03:00 [INF] Executing StatusCodeResult, setting HTTP status code 200
2026-04-21 21:19:31.647 +03:00 [INF] Выполняется команда /start
2026-04-21 21:19:31.650 +03:00 [INF] Команда /start выполнена для чата 5498859739
2026-04-21 21:19:31.654 +03:00 [INF] Executed action WebApi.Controllers.UpdateController.Post (WebApi) in 287.4928ms
2026-04-21 21:19:31.658 +03:00 [INF] Executed endpoint 'WebApi.Controllers.UpdateController.Post (WebApi)'
2026-04-21 21:19:31.660 +03:00 [INF] Request finished HTTP/1.1 POST http://mytelegrambot.loca.lt/api/Update - 200 0 null 365.4073ms
2026-04-21 21:19:34.828 +03:00 [INF] Request starting HTTP/1.1 POST http://mytelegrambot.loca.lt/api/Update - application/json 337
2026-04-21 21:19:34.841 +03:00 [INF] Executing endpoint 'WebApi.Controllers.UpdateController.Post (WebApi)'
2026-04-21 21:19:34.846 +03:00 [INF] Route matched with {action = "Post", controller = "Update"}. Executing controller action with signature System.Threading.Tasks.Task`1[Microsoft.AspNetCore.Mvc.IActionResult] Post(WebApi.Dtos.TelegramUpdate) on controller WebApi.Controllers.UpdateController (WebApi).
2026-04-21 21:19:34.857 +03:00 [INF] Получено сообщение от чата 5498859739: /help
2026-04-21 21:19:34.857 +03:00 [INF] Executing StatusCodeResult, setting HTTP status code 200
2026-04-21 21:19:34.865 +03:00 [INF] Выполняется команда /help
2026-04-21 21:19:34.867 +03:00 [INF] Executed action WebApi.Controllers.UpdateController.Post (WebApi) in 12.0217ms
2026-04-21 21:19:34.870 +03:00 [INF] Executed endpoint 'WebApi.Controllers.UpdateController.Post (WebApi)'
2026-04-21 21:19:34.870 +03:00 [INF] Команда /help выполнена для чата 5498859739
2026-04-21 21:19:34.876 +03:00 [INF] Request finished HTTP/1.1 POST http://mytelegrambot.loca.lt/api/Update - 200 0 null 47.1594ms
